<?xml version="1.0" encoding="UTF-8"?>
<robot generator="Robot 5.0.1 (Python 3.7.5 on darwin)" generated="20220727 18:09:34.254" rpa="false" schemaversion="3">
<suite id="s1" name="Robot Interactive Console" source="/Users/sreyash/.vscode/extensions/robocorp.robotframework-lsp-0.49.0/src/robotframework_ls/vendored/robotframework_interactive/robot_interactive_console.robot">
<test id="s1-t1" name="Default Task/Test" line="5">
<kw name="Interpreter Main Loop" library="MainLoop">
<kw name="Input Text" library="RPA.Browser.Selenium">
<arg>username</arg>
<arg>text</arg>
<doc>Types the given ``text`` into the text field identified by ``locator``.</doc>
<kw name="Capture Page Screenshot" library="RPA.Browser.Selenium">
<doc>Takes a screenshot of the current page and embeds it into a log file.</doc>
<status status="PASS" starttime="20220727 18:11:07.309" endtime="20220727 18:11:07.310"/>
</kw>
<msg timestamp="20220727 18:11:07.310" level="FAIL">No browser is open.</msg>
<status status="FAIL" starttime="20220727 18:11:07.308" endtime="20220727 18:11:07.311"/>
</kw>
<kw name="Input Text" library="RPA.Browser.Selenium">
<arg>username</arg>
<arg>text</arg>
<doc>Types the given ``text`` into the text field identified by ``locator``.</doc>
<kw name="Capture Page Screenshot" library="RPA.Browser.Selenium">
<doc>Takes a screenshot of the current page and embeds it into a log file.</doc>
<status status="PASS" starttime="20220727 18:11:32.494" endtime="20220727 18:11:32.494"/>
</kw>
<msg timestamp="20220727 18:11:32.494" level="FAIL">No browser is open.</msg>
<status status="FAIL" starttime="20220727 18:11:32.493" endtime="20220727 18:11:32.495"/>
</kw>
<kw name="Input Text" library="RPA.Browser.Selenium">
<arg>username</arg>
<arg>text</arg>
<doc>Types the given ``text`` into the text field identified by ``locator``.</doc>
<kw name="Capture Page Screenshot" library="RPA.Browser.Selenium">
<doc>Takes a screenshot of the current page and embeds it into a log file.</doc>
<status status="PASS" starttime="20220727 18:11:59.540" endtime="20220727 18:11:59.541"/>
</kw>
<msg timestamp="20220727 18:11:59.541" level="FAIL">No browser is open.</msg>
<status status="FAIL" starttime="20220727 18:11:59.539" endtime="20220727 18:11:59.541"/>
</kw>
<kw name="Input Text" library="RPA.Browser.Selenium">
<arg>username</arg>
<arg>text</arg>
<doc>Types the given ``text`` into the text field identified by ``locator``.</doc>
<kw name="Capture Page Screenshot" library="RPA.Browser.Selenium">
<doc>Takes a screenshot of the current page and embeds it into a log file.</doc>
<status status="PASS" starttime="20220727 18:12:22.508" endtime="20220727 18:12:22.509"/>
</kw>
<msg timestamp="20220727 18:12:22.509" level="FAIL">No browser is open.</msg>
<status status="FAIL" starttime="20220727 18:12:22.507" endtime="20220727 18:12:22.509"/>
</kw>
<kw name="Open Available Browser" library="RPA.Browser.Selenium">
<arg>https://robotsparebinindustries.com/</arg>
<doc>Attempts to open a browser on the user's device from a set of
supported browsers. Automatically downloads a corresponding webdriver
if none is already installed.</doc>
<status status="PASS" starttime="20220727 18:12:42.865" endtime="20220727 18:12:45.981"/>
</kw>
<kw name="Input Text" library="RPA.Browser.Selenium">
<arg>username</arg>
<arg>text</arg>
<doc>Types the given ``text`` into the text field identified by ``locator``.</doc>
<status status="PASS" starttime="20220727 18:13:11.010" endtime="20220727 18:13:11.286"/>
</kw>
<kw name="Input Password" library="RPA.Browser.Selenium">
<arg>password</arg>
<arg>thoushallnotpass</arg>
<doc>Types the given password into the text field identified by ``locator``.</doc>
<status status="PASS" starttime="20220727 18:17:09.679" endtime="20220727 18:17:09.841"/>
</kw>
<kw name="thoushallnotpass">
<msg timestamp="20220727 18:18:49.623" level="FAIL">No keyword with name 'thoushallnotpass' found.</msg>
<status status="FAIL" starttime="20220727 18:18:49.623" endtime="20220727 18:18:49.624"/>
</kw>
<kw name="Input Password" library="RPA.Browser.Selenium">
<arg>password</arg>
<arg>thoushallnotpass</arg>
<doc>Types the given password into the text field identified by ``locator``.</doc>
<status status="PASS" starttime="20220727 18:19:00.492" endtime="20220727 18:19:00.585"/>
</kw>
<kw name="Input Text" library="RPA.Browser.Selenium">
<arg>username</arg>
<arg>maria</arg>
<doc>Types the given ``text`` into the text field identified by ``locator``.</doc>
<status status="PASS" starttime="20220727 18:19:18.352" endtime="20220727 18:19:18.433"/>
</kw>
<kw name="Submit Form" library="RPA.Browser.Selenium">
<doc>Submits a form identified by ``locator``.</doc>
<status status="PASS" starttime="20220727 18:19:29.716" endtime="20220727 18:19:29.765"/>
</kw>
<kw name="Click submit">
<msg timestamp="20220727 18:31:41.084" level="FAIL">No keyword with name 'Click submit' found. Did you try using keyword 'RPA.Desktop.Click' and forgot to use enough whitespace between keyword and arguments?</msg>
<status status="FAIL" starttime="20220727 18:31:41.084" endtime="20220727 18:31:41.084"/>
</kw>
<kw name="Click" library="RPA.Desktop">
<arg>submit</arg>
<doc>Click at the element indicated by locator.</doc>
<msg timestamp="20220727 18:31:59.787" level="FAIL">ValueError: No locator with name: submit</msg>
<status status="FAIL" starttime="20220727 18:31:59.784" endtime="20220727 18:31:59.788"/>
</kw>
<kw name="Wait Until Page Contains Element" library="RPA.Browser.Selenium">
<arg>id:sales-form</arg>
<doc>Waits until the element ``locator`` appears on the current page.</doc>
<kw name="Capture Page Screenshot" library="RPA.Browser.Selenium">
<doc>Takes a screenshot of the current page and embeds it into a log file.</doc>
<msg timestamp="20220727 18:43:07.566" level="FAIL">WebDriverException: Message: chrome not reachable
  (Session info: chrome=103.0.5060.134)
</msg>
<status status="FAIL" starttime="20220727 18:43:07.564" endtime="20220727 18:43:07.567"/>
</kw>
<msg timestamp="20220727 18:43:07.567" level="FAIL">WebDriverException: Message: chrome not reachable
  (Session info: chrome=103.0.5060.134)
</msg>
<status status="FAIL" starttime="20220727 18:43:07.557" endtime="20220727 18:43:07.567"/>
</kw>
<kw name="Download" library="RPA.FTP">
<arg>https://robotsparebinindustries.com/SalesData.xlsx</arg>
<doc>Download file from FTP server</doc>
<msg timestamp="20220727 18:59:21.950" level="FAIL">FTPException: No FTP connection</msg>
<status status="FAIL" starttime="20220727 18:59:21.949" endtime="20220727 18:59:21.951"/>
</kw>
<kw name="Download the Excel File">
<msg timestamp="20220727 19:00:49.053" level="FAIL">User keyword 'Download the Excel File' contains no keywords.</msg>
<status status="FAIL" starttime="20220727 19:00:49.052" endtime="20220727 19:00:49.053"/>
</kw>
<kw name="Download the Excel File Download https://robotsparebinindustries.com/SalesData.xlsx">
<msg timestamp="20220727 19:01:13.948" level="FAIL">No keyword with name 'Download the Excel File Download https://robotsparebinindustries.com/SalesData.xlsx' found. Did you try using keyword 'Download The Excel File' and forgot to use enough whitespace between keyword and arguments?</msg>
<status status="FAIL" starttime="20220727 19:01:13.948" endtime="20220727 19:01:13.948"/>
</kw>
<kw name="Download the Excel File">
<arg>https://robotsparebinindustries.com/SalesData.xlsx</arg>
<msg timestamp="20220727 19:01:28.675" level="FAIL">Keyword 'Download the Excel File' expected 0 arguments, got 1.</msg>
<status status="FAIL" starttime="20220727 19:01:28.675" endtime="20220727 19:01:28.675"/>
</kw>
<kw name="Fill the form using the data from Excel file">
<arg>Open Workbook</arg>
<arg>SalesData.xlsx</arg>
<msg timestamp="20220727 19:53:25.261" level="FAIL">No keyword with name 'Fill the form using the data from Excel file' found.</msg>
<status status="FAIL" starttime="20220727 19:53:25.261" endtime="20220727 19:53:25.262"/>
</kw>
<kw name="Fill the form using the data from Excel file">
<arg>Open Workbook</arg>
<arg>SalesData.xlsx</arg>
<msg timestamp="20220727 19:53:36.524" level="FAIL">No keyword with name 'Fill the form using the data from Excel file' found.</msg>
<status status="FAIL" starttime="20220727 19:53:36.524" endtime="20220727 19:53:36.524"/>